<?xml version="1.0" encoding="UTF-8"?>
<!-- Generated by org.testng.reporters.JUnitXMLReporter -->
<testsuite ignored="2" hostname="bdc14-l-f54zq30" failures="2" tests="2" name="User Authentication Tests" time="25.447" errors="0" timestamp="2025-02-26T12:37:15 IST">
  <testcase classname="automation.tests.RegisterTest" name="registerTest" time="21.5">
    <failure type="java.lang.RuntimeException" message="Registration Failed! Test should fail.">
      <![CDATA[java.lang.RuntimeException: Registration Failed! Test should fail.
at automation.tests.RegisterTest.registerTest(RegisterTest.java:31)
at java.base/java.util.ArrayList.forEach(ArrayList.java:1596)
... Removed 29 stack frames]]>
    </failure>
  </testcase> <!-- registerTest -->
  <testcase classname="automation.tests.LoginTest" name="testLogin" time="0.0">
    <failure type="java.lang.NullPointerException" message="Cannot invoke &amp;quot;org.openqa.selenium.WebDriver.get(String)&amp;quot; because &amp;quot;this.driver&amp;quot; is null">
      <![CDATA[java.lang.NullPointerException: Cannot invoke "org.openqa.selenium.WebDriver.get(String)" because "this.driver" is null
at automation.tests.LoginTest.testLogin(LoginTest.java:14)
at java.base/java.util.ArrayList.forEach(ArrayList.java:1596)
... Removed 29 stack frames]]>
    </failure>
  </testcase> <!-- testLogin -->
  <testcase classname="automation.tests.BaseTest" name="@AfterTest tearDown" time="0.0">
    <ignored/>
  </testcase> <!-- @AfterTest tearDown -->
  <testcase classname="automation.tests.BaseTest" name="@BeforeTest setUp" time="0.0">
    <ignored/>
  </testcase> <!-- @BeforeTest setUp -->
</testsuite> <!-- User Authentication Tests -->
